<?xml version="1.0" encoding="UTF-8"?>
<!-- Generated by org.testng.reporters.JUnitReportReporter -->
<testsuite hostname="DESKTOP-QL2F03M" failures="0" tests="2" name="org.example.RestAssureAPIProject" time="2.037" errors="0" timestamp="2023-12-19T12:34:47 IST" skipped="0">
  <testcase classname="org.example.RestAssureAPIProject" name="getSingleUser" time="0.548"/>
  <testcase classname="org.example.RestAssureAPIProject" name="getUsersInPageTwo" time="1.489"/>
</testsuite> <!-- org.example.RestAssureAPIProject -->
